<?xml version="1.0" encoding="UTF-8"?>
<testng-results skipped="0" failed="0" ignored="0" total="2" passed="2">
  <reporter-output>
  </reporter-output>
  <suite name="Suite" duration-ms="13589" started-at="2018-03-07T21:01:41Z" finished-at="2018-03-07T21:01:54Z">
    <groups>
    </groups>
    <test name="Test" duration-ms="13589" started-at="2018-03-07T21:01:41Z" finished-at="2018-03-07T21:01:54Z">
      <class name="automation.ChromeSuite">
        <test-method status="PASS" signature="beforeTest()[pri:0, instance:automation.ChromeSuite@59f99ea]" name="beforeTest" is-config="true" duration-ms="3311" started-at="2018-03-07T21:01:41Z" finished-at="2018-03-07T21:01:44Z">
          <reporter-output>
          </reporter-output>
        </test-method> <!-- beforeTest -->
        <test-method status="PASS" signature="beforeTest()[pri:0, instance:automation.FirefoxSuite@27efef64]" name="beforeTest" is-config="true" duration-ms="4668" started-at="2018-03-07T21:01:44Z" finished-at="2018-03-07T21:01:49Z">
          <reporter-output>
          </reporter-output>
        </test-method> <!-- beforeTest -->
        <test-method status="PASS" signature="loadSiteTest()[pri:0, instance:automation.ChromeSuite@59f99ea]" name="loadSiteTest" duration-ms="3241" started-at="2018-03-07T21:01:49Z" finished-at="2018-03-07T21:01:52Z">
          <reporter-output>
          </reporter-output>
        </test-method> <!-- loadSiteTest -->
        <test-method status="PASS" signature="afterTest()[pri:0, instance:automation.ChromeSuite@59f99ea]" name="afterTest" is-config="true" duration-ms="671" started-at="2018-03-07T21:01:53Z" finished-at="2018-03-07T21:01:54Z">
          <reporter-output>
          </reporter-output>
        </test-method> <!-- afterTest -->
        <test-method status="PASS" signature="afterTest()[pri:0, instance:automation.FirefoxSuite@27efef64]" name="afterTest" is-config="true" duration-ms="262" started-at="2018-03-07T21:01:54Z" finished-at="2018-03-07T21:01:54Z">
          <reporter-output>
          </reporter-output>
        </test-method> <!-- afterTest -->
      </class> <!-- automation.ChromeSuite -->
      <class name="automation.FirefoxSuite">
        <test-method status="PASS" signature="loadSiteTest()[pri:0, instance:automation.FirefoxSuite@27efef64]" name="loadSiteTest" duration-ms="1401" started-at="2018-03-07T21:01:52Z" finished-at="2018-03-07T21:01:53Z">
          <reporter-output>
          </reporter-output>
        </test-method> <!-- loadSiteTest -->
      </class> <!-- automation.FirefoxSuite -->
    </test> <!-- Test -->
  </suite> <!-- Suite -->
</testng-results>
